<?xml version="1.0" encoding="UTF-8"?>
<!-- Generated by org.testng.reporters.JUnitReportReporter -->
<testsuite hostname="LTIN207806" failures="0" tests="3" name="TestClass.TC_2HomeLoanEmiCalculators" time="148.986" errors="0" timestamp="2024-02-29T17:34:49 IST" skipped="0">
  <testcase classname="TestClass.TC_2HomeLoanEmiCalculators" name="HomeLoanCalculation1" time="12.559"/>
  <system-out/>
  <testcase classname="TestClass.TC_2HomeLoanEmiCalculators" name="HomeLoanCalculation" time="102.708"/>
  <system-out/>
  <testcase classname="TestClass.TC_2HomeLoanEmiCalculators" name="HomeLoanCalculation2" time="33.719"/>
  <system-out/>
</testsuite> <!-- TestClass.TC_2HomeLoanEmiCalculators -->
