<?xml version="1.0" encoding="UTF-8"?>
<!-- Generated by org.testng.reporters.JUnitReportReporter -->
<testsuite hostname="LTIN207806" failures="0" tests="5" name="TestClass.TC_1HomePageValidation" time="9.007" errors="0" timestamp="2024-02-29T17:34:49 IST" skipped="0">
  <testcase classname="TestClass.TC_1HomePageValidation" name="HomePageValidation1" time="7.742"/>
  <system-out/>
  <testcase classname="TestClass.TC_1HomePageValidation" name="HomePageValidation" time="0.877"/>
  <system-out/>
  <testcase classname="TestClass.TC_1HomePageValidation" name="HomePageValidation3" time="0.087"/>
  <system-out/>
  <testcase classname="TestClass.TC_1HomePageValidation" name="HomePageValidation4" time="0.184"/>
  <system-out/>
  <testcase classname="TestClass.TC_1HomePageValidation" name="HomePageValidation2" time="0.117"/>
  <system-out/>
</testsuite> <!-- TestClass.TC_1HomePageValidation -->
