<?xml version="1.0" encoding="UTF-8"?>
<!-- Generated by org.testng.reporters.JUnitReportReporter -->
<testsuite hostname="LTIN207806" failures="0" tests="1" name="TestClass.HomeLoanEmiCalculatorsTC" time="156.864" errors="0" timestamp="2024-02-27T15:06:23 IST" skipped="0">
  <testcase classname="TestClass.HomeLoanEmiCalculatorsTC" name="HomeLoanCalculation" time="156.864"/>
  <system-out/>
</testsuite> <!-- TestClass.HomeLoanEmiCalculatorsTC -->
