<?xml version="1.0" encoding="UTF-8"?>
<!-- Generated by org.testng.reporters.JUnitReportReporter -->
<testsuite hostname="LTIN207806" failures="0" tests="4" name="TestClass.TC_3LoanCalculator" time="103.829" errors="0" timestamp="2024-02-29T17:34:49 IST" skipped="0">
  <testcase classname="TestClass.TC_3LoanCalculator" name="LoanCalculator1" time="93.602"/>
  <system-out/>
  <testcase classname="TestClass.TC_3LoanCalculator" name="LoanCalculator2" time="4.263"/>
  <system-out/>
  <testcase classname="TestClass.TC_3LoanCalculator" name="LoanCalculator3" time="4.790"/>
  <system-out/>
  <testcase classname="TestClass.TC_3LoanCalculator" name="LoanCalculator4" time="1.174"/>
  <system-out/>
</testsuite> <!-- TestClass.TC_3LoanCalculator -->
