<?xml version="1.0" encoding="UTF-8"?>
<!-- Generated by org.testng.reporters.JUnitReportReporter -->
<testsuite hostname="LTIN207806" failures="0" tests="1" name="TestClass.LoanCalculatorTC_1" time="50.267" errors="0" timestamp="2024-02-27T15:06:23 IST" skipped="0">
  <testcase classname="TestClass.LoanCalculatorTC_1" name="LoanCalculator1" time="50.267"/>
  <system-out/>
</testsuite> <!-- TestClass.LoanCalculatorTC_1 -->
